[18:30:27.242785 DEBUG] [openstudio.workflow.OSWorkflow] Removing existing run directory: C:/Users/vyk/AppData/Local/Temp/osmodel-a983-1fa9-39b6-85fa-1758666554-0/resources/run
[18:30:27.242785 DEBUG] [openstudio.workflow.OSWorkflow] Registering that the workflow has started with the adapter
[18:30:27.244788 DEBUG] [openstudio.workflow.OSWorkflow] Initialization - selected = true
[18:30:27.246786 DEBUG] [openstudio.workflow.OSWorkflow] The root_dir for the datapoint is C:/Users/vyk/AppData/Local/Temp/osmodel-a983-1fa9-39b6-85fa-1758666554-0/resources
[18:30:27.246786 DEBUG] [openstudio.workflow.OSWorkflow] Removing existing generated files directory: C:/Users/vyk/AppData/Local/Temp/osmodel-a983-1fa9-39b6-85fa-1758666554-0/resources/generated_files
[18:30:27.248478 DEBUG] [openstudio.workflow.OSWorkflow] Creating generated files directory: C:/Users/vyk/AppData/Local/Temp/osmodel-a983-1fa9-39b6-85fa-1758666554-0/resources/generated_files
[18:30:27.249591 DEBUG] [openstudio.workflow.OSWorkflow] Removing existing reports directory: C:/Users/vyk/AppData/Local/Temp/osmodel-a983-1fa9-39b6-85fa-1758666554-0/resources/reports
[18:30:27.253588 INFO] [openstudio.workflow.OSWorkflow] Attempting to validate the measure workflow
[18:30:27.254601 DEBUG] [openstudio.WorkflowJSON] Validating step 0
[18:30:27.282918 INFO] [openstudio.workflow.OSWorkflow] Validated the measure workflow
[18:30:27.282918 DEBUG] [openstudio.workflow.OSWorkflow] Finding and loading the seed file
[18:30:27.317459 INFO] [openstudio.worklow.Util] Loading OSM model
[18:30:27.317459 INFO] [openstudio.worklow.Util] Reading in OSM model C:/Users/vyk/AppData/Local/Temp/osmodel-a983-1fa9-39b6-85fa-1758666554-0/SuperMarket-90.1-2004-ASHRAE 169-2013-2A_448A.osm
[18:30:27.335907 DEBUG] [openstudio.osversion.VersionTranslator] Starting translation from Version 3.9.0.
[18:30:27.501763 DEBUG] [openstudio.osversion.VersionTranslator] Initial model has 1812 objects.
[18:30:27.501763 DEBUG] [openstudio.osversion.VersionTranslator] Final model has 1812 objects in IDF form.
[18:30:27.574975 DEBUG] [utilities.idf.Workspace] Workspace::isValid called.
[18:30:27.902185 DEBUG] [openstudio.osversion.VersionTranslator] Final model has 1812 objects in Model form.
[18:30:27.926378 DEBUG] [openstudio.workflow.OSWorkflow] Initialize the weather file from osw
[18:30:27.926378 DEBUG] [openstudio.workflow.OSWorkflow] Search for weather file defined by osw USA_TX_Houston-Bush.Intercontinental.AP.722430_TMY3.epw
[18:30:27.964050 DEBUG] [openstudio.EpwFile] No Daylightings Saving start Date
[18:30:27.971983 INFO] [openstudio.EpwFile] Successive data points (1987-Jan-31 to 1981-Feb-01, ending on line 753) are greater than 1 day apart in EPW file 'C:/Users/vyk/AppData/Local/Temp/osmodel-a983-1fa9-39b6-85fa-1758666554-0/resources/files/USA_TX_Houston-Bush.Intercontinental.AP.722430_TMY3.epw'. Data will be treated as typical (TMY)
[18:30:28.067865 DEBUG] [openstudio.workflow.OSWorkflow] OpenStudioMeasures - selected = true
[18:30:28.067865 INFO] [openstudio.workflow.OSWorkflow] Beginning to execute OpenStudio Measures
[18:30:28.067865 DEBUG] [openstudio.workflow.OSWorkflow] Finding measures of type ModelMeasure
[18:30:28.067865 INFO] [openstudio.workflow.OSWorkflow] Finished applying OpenStudio Measures.
[18:30:28.307096 DEBUG] [openstudio.workflow.OSWorkflow] Translator - selected = true
[18:30:28.315109 INFO] [openstudio.workflow.OSWorkflow] Beginning the translation to IDF
[18:30:28.419356 DEBUG] [openstudio.model.SimulationControl] You have zonal equipment and design days, and SimulationControl::DoZoneSizingCalculation is defaulted: turning on.
[18:30:28.420359 DEBUG] [openstudio.model.SimulationControl] You have AirLoopHVAC(s) and design day(s), and SimulationControl::DoSystemSizingCalculation is defaulted: assuming on.
[18:30:28.420359 DEBUG] [openstudio.model.SimulationControl] You have PlantLoop(s) and design days, and SimulationControl::DoPlantSizingCalculation is defaulted: assuming on.
[18:30:28.572428 WARN] [openstudio.energyplus.ForwardTranslator] OS_ProgramControl is not currently translated
[18:30:28.621499 INFO] [openstudio.model.EnergyManagementSystemSensor]  does not have an Output Variable attached.
[18:30:28.621499 INFO] [openstudio.model.EnergyManagementSystemSensor]  does not have an Output Meter attached.
[18:30:28.775189 INFO] [openstudio.workflow.OSWorkflow] Successfully translated to IDF
[18:30:28.776202 DEBUG] [openstudio.workflow.OSWorkflow] EnergyPlusMeasures - selected = true
[18:30:28.776202 INFO] [openstudio.workflow.OSWorkflow] Beginning to execute EnergyPlus Measures.
[18:30:28.776202 DEBUG] [openstudio.workflow.OSWorkflow] Finding measures of type EnergyPlusMeasure
[18:30:28.776202 DEBUG] [openstudio.workflow.OSWorkflow] Running step 0
[18:30:28.776202 DEBUG] [openstudio.workflow.OSWorkflow] Find model's weather file and update LastEpwFilePath
[18:30:28.776202 DEBUG] [openstudio.workflow.OSWorkflow] Search for weather file C:/Users/vyk/AppData/Local/Temp/osmodel-a983-1fa9-39b6-85fa-1758666554-0/resources/files/USA_TX_Houston-Bush.Intercontinental.AP.722430_TMY3.epw
[18:30:28.781200 DEBUG] [openstudio.workflow.OSWorkflow] Creating run directory for measure in 'C:/Users/vyk/AppData/Local/Temp/osmodel-a983-1fa9-39b6-85fa-1758666554-0/resources/run/000_replace_refrigerant'
[18:30:28.803176 DEBUG] [openstudio.workflow.OSWorkflow] Found replace_refrigerant at primaryScriptPath: 'C:/Users/vyk/AppData/Local/Temp/osmodel-a983-1fa9-39b6-85fa-1758666554-0/resources/measures/replace_refrigerant/measure.py'
[18:30:28.803176 DEBUG] [openstudio.workflow.OSWorkflow] Class Name: AddRefrigerant
[18:30:28.804176 DEBUG] [openstudio.workflow.OSWorkflow] Measure Script Path: C:/Users/vyk/AppData/Local/Temp/osmodel-a983-1fa9-39b6-85fa-1758666554-0/resources/measures/replace_refrigerant/measure.py
[18:30:28.804176 DEBUG] [openstudio.workflow.OSWorkflow] Measure Type: EnergyPlusMeasure
[18:30:28.804176 DEBUG] [openstudio.workflow.OSWorkflow] Measure Language: Python
[18:30:28.804176 DEBUG] [ApplicationPathHelpers] getOpenStudioModule, szPath = 'C:\openstudioapplication-1.9.0-rc1\bin\openstudiolib.dll'
[18:30:28.805178 DEBUG] [PathHelpers] completeAndNormalize: result = C:/openstudioapplication-1.9.0-rc1/bin/openstudiolib.dll
[18:30:28.806184 DEBUG] [ApplicationPathHelpers] getOpenStudioModule, found 'C:/openstudioapplication-1.9.0-rc1/bin/openstudiolib.dll'
[18:30:28.810620 DEBUG] [ApplicationPathHelpers] getOpenStudioModule, szPath = 'C:\openstudioapplication-1.9.0-rc1\bin\openstudiolib.dll'
[18:30:28.811621 DEBUG] [PathHelpers] completeAndNormalize: result = C:/openstudioapplication-1.9.0-rc1/bin/openstudiolib.dll
[18:30:28.812620 DEBUG] [ApplicationPathHelpers] getOpenStudioModule, found 'C:/openstudioapplication-1.9.0-rc1/bin/openstudiolib.dll'
[18:30:28.812620 DEBUG] [ApplicationPathHelpers] Searching for EnergyPlus in 'C:/openstudioapplication-1.9.0-rc1/EnergyPlus/energyplus.exe'
[18:30:28.813628 DEBUG] [PathHelpers] completeAndNormalize: result = C:/openstudioapplication-1.9.0-rc1/EnergyPlus/energyplus.exe
[18:30:28.813628 DEBUG] [ApplicationPathHelpers] Found EnergyPlus at 'C:/openstudioapplication-1.9.0-rc1/EnergyPlus/energyplus.exe'
[18:30:28.814620 DEBUG] [PathHelpers] completeAndNormalize: result = C:/openstudioapplication-1.9.0-rc1/EnergyPlus/energyplus.exe
[18:30:28.833458 DEBUG] [ApplicationPathHelpers] getOpenStudioModule, szPath = 'C:\openstudioapplication-1.9.0-rc1\bin\openstudiolib.dll'
[18:30:28.834464 DEBUG] [PathHelpers] completeAndNormalize: result = C:/openstudioapplication-1.9.0-rc1/bin/openstudiolib.dll
[18:30:28.835463 DEBUG] [ApplicationPathHelpers] getOpenStudioModule, found 'C:/openstudioapplication-1.9.0-rc1/bin/openstudiolib.dll'
[18:30:28.835463 DEBUG] [ApplicationPathHelpers] getOpenStudioModule, szPath = 'C:\openstudioapplication-1.9.0-rc1\bin\openstudiolib.dll'
[18:30:28.836463 DEBUG] [PathHelpers] completeAndNormalize: result = C:/openstudioapplication-1.9.0-rc1/bin/openstudiolib.dll
[18:30:28.837463 DEBUG] [ApplicationPathHelpers] getOpenStudioModule, found 'C:/openstudioapplication-1.9.0-rc1/bin/openstudiolib.dll'
[18:30:29.571604 DEBUG] [openstudio.workflow.OSWorkflow] measure->name()= 'Add refrigerant to the model'
[18:30:29.572577 DEBUG] [openstudio.workflow.OSWorkflow] Current step has 0 arguments
[18:30:29.587215 DEBUG] [openstudio.workflow.OSWorkflow] argumentMap={"Objects_for_replacement": "All", "Refrigerant": "R448a", "Refrigerant_to_be_replaced": "All"}
[18:30:29.695331 DEBUG] [openstudio.workflow.OSWorkflow] Step Result: Success
[18:30:29.696303 INFO] [openstudio.workflow.OSWorkflow] Finished applying EnergyPlus Measures.
[18:30:29.700976 DEBUG] [openstudio.workflow.OSWorkflow] PreProcess - selected = true
[18:30:29.981356 INFO] [openstudio.workflow.OSWorkflow] Beginning to collect output requests from Reporting measures.
[18:30:29.981356 DEBUG] [openstudio.workflow.OSWorkflow] Finding measures of type ReportingMeasure
[18:30:29.981356 INFO] [openstudio.workflow.OSWorkflow] Finished collecting output requests from Reporting measures.
[18:30:29.981356 INFO] [openstudio.workflow.OSWorkflow] Running EnergyPlus Preprocess
[18:30:29.990727 INFO] [openstudio.workflow.OSWorkflow] Finished preprocess job for EnergyPlus simulation
[18:30:30.254444 DEBUG] [openstudio.workflow.OSWorkflow] Saved final IDF as C:/Users/vyk/AppData/Local/Temp/osmodel-a983-1fa9-39b6-85fa-1758666554-0/resources/run/in.idf
[18:30:30.254444 DEBUG] [openstudio.workflow.OSWorkflow] EnergyPlus - selected = true
[18:30:30.257978 DEBUG] [openstudio.OSWorkflow.prepareEnergyPlusDir] Original Directory: C:/Users/vyk/OneDrive - Oak Ridge National Laboratory/OpenStudio/OpenStudio_files
[18:30:30.257978 DEBUG] [openstudio.OSWorkflow.prepareEnergyPlusDir] Changing To run directory: C:/Users/vyk/AppData/Local/Temp/osmodel-a983-1fa9-39b6-85fa-1758666554-0/resources/run
[18:30:30.258975 DEBUG] [ApplicationPathHelpers] getOpenStudioModule, szPath = 'C:\openstudioapplication-1.9.0-rc1\bin\openstudiolib.dll'
[18:30:30.259977 DEBUG] [PathHelpers] completeAndNormalize: result = C:/openstudioapplication-1.9.0-rc1/bin/openstudiolib.dll
[18:30:30.260977 DEBUG] [ApplicationPathHelpers] getOpenStudioModule, found 'C:/openstudioapplication-1.9.0-rc1/bin/openstudiolib.dll'
[18:30:30.260977 DEBUG] [ApplicationPathHelpers] Searching for EnergyPlus in 'C:/openstudioapplication-1.9.0-rc1/EnergyPlus/energyplus.exe'
[18:30:30.262969 DEBUG] [PathHelpers] completeAndNormalize: result = C:/openstudioapplication-1.9.0-rc1/EnergyPlus/energyplus.exe
[18:30:30.262969 DEBUG] [ApplicationPathHelpers] Found EnergyPlus at 'C:/openstudioapplication-1.9.0-rc1/EnergyPlus/energyplus.exe'
[18:30:30.263969 DEBUG] [PathHelpers] completeAndNormalize: result = C:/openstudioapplication-1.9.0-rc1/EnergyPlus/energyplus.exe
[18:30:30.313967 INFO] [openstudio.OSWorkflow.prepareEnergyPlusDir] EnergyPlus executable path is C:/openstudioapplication-1.9.0-rc1/EnergyPlus/energyplus.exe
[18:30:30.313967 INFO] [openstudio.OSWorkflow.prepareEnergyPlusDir] ExpandObjects executable path is C:/openstudioapplication-1.9.0-rc1/EnergyPlus/ExpandObjects.exe
[18:30:30.313967 INFO] [openstudio.workflow.OSWorkflow] Starting simulation in run directory: C:/Users/vyk/AppData/Local/Temp/osmodel-a983-1fa9-39b6-85fa-1758666554-0/resources/run
[18:30:30.593139 INFO] [openstudio.workflow.OSWorkflow] Running command '"C:/openstudioapplication-1.9.0-rc1\EnergyPlus\ExpandObjects.exe"'
[18:30:30.841357 INFO] [openstudio.workflow.OSWorkflow] Running command '"C:/openstudioapplication-1.9.0-rc1\EnergyPlus\energyplus.exe" in.idf'
[18:37:01.129574 INFO] [openstudio.workflow.OSWorkflow] EnergyPlus returned '0'
[18:37:01.136613 INFO] [openstudio.workflow.OSWorkflow] EnergyPlus finished with 1320893 warnings and 0 severe errors
[18:37:01.138681 INFO] [openstudio.OSWorkflow.prepareEnergyPlusDir] Removing any copied EnergyPlus files
[18:37:01.138681 DEBUG] [openstudio.OSWorkflow.prepareEnergyPlusDir] Changing Current Directory back to: C:/Users/vyk/OneDrive - Oak Ridge National Laboratory/OpenStudio/OpenStudio_files
[18:37:01.150402 DEBUG] [openstudio.workflow.OSWorkflow] ReportingMeasures - selected = true
[18:37:01.157588 INFO] [openstudio.workflow.OSWorkflow] Beginning to execute Reporting Measures.
[18:37:01.158598 DEBUG] [openstudio.workflow.OSWorkflow] Finding measures of type ReportingMeasure
[18:37:01.158598 INFO] [openstudio.workflow.OSWorkflow] Finished applying Reporting Measures.
[18:37:01.181049 DEBUG] [openstudio.workflow.OSWorkflow] PostProcess - selected = true
[18:37:01.181049 INFO] [openstudio.workflow.OSWorkflow] Gathering reports
[18:37:01.191680 INFO] [openstudio.workflow.Util] Run directory: C:/Users/vyk/AppData/Local/Temp/osmodel-a983-1fa9-39b6-85fa-1758666554-0/resources/run
[18:37:01.191680 INFO] [openstudio.workflow.Util] Reports directoryC:/Users/vyk/AppData/Local/Temp/osmodel-a983-1fa9-39b6-85fa-1758666554-0/resources
[18:37:01.193700 INFO] [openstudio.workflow.Util] Saving EnergyPlus HTML report to C:/Users/vyk/AppData/Local/Temp/osmodel-a983-1fa9-39b6-85fa-1758666554-0/resources/reports/eplustbl.html
[18:37:01.213811 INFO] [openstudio.workflow.Util] Removing empty directory C:/Users/vyk/AppData/Local/Temp/osmodel-a983-1fa9-39b6-85fa-1758666554-0/resources/run/000_replace_refrigerant
[18:37:01.226632 INFO] [openstudio.workflow.OSWorkflow] Finished gathering reports
[18:37:01.228648 DEBUG] [openstudio.workflow.OSWorkflow] Cleanup - selected = true
[18:37:01.228648 INFO] [openstudio.workflow.OSWorkflow] Beginning cleanup of the run directory
[18:37:01.252020 INFO] [openstudio.workflow.OSWorkflow] Finished cleanup of the run directory
